

Started GET "/assets/rails.png" for 178.197.233.11 at 2012-12-03 09:54:47 +0100
Connecting to database specified by database.yml
Served asset /rails.png - 200 OK (2ms)


Started GET "/" for 127.0.0.1 at 2012-12-03 11:17:08 +0100
Connecting to database specified by database.yml

ActionController::RoutingError (No route matches [GET] "/"):
  actionpack (3.2.9) lib/action_dispatch/middleware/debug_exceptions.rb:21:in `call'
  actionpack (3.2.9) lib/action_dispatch/middleware/show_exceptions.rb:56:in `call'
  railties (3.2.9) lib/rails/rack/logger.rb:32:in `call_app'
  railties (3.2.9) lib/rails/rack/logger.rb:16:in `block in call'
  activesupport (3.2.9) lib/active_support/tagged_logging.rb:22:in `tagged'
  railties (3.2.9) lib/rails/rack/logger.rb:16:in `call'
  actionpack (3.2.9) lib/action_dispatch/middleware/request_id.rb:22:in `call'
  rack (1.4.1) lib/rack/methodoverride.rb:21:in `call'
  rack (1.4.1) lib/rack/runtime.rb:17:in `call'
  activesupport (3.2.9) lib/active_support/cache/strategy/local_cache.rb:72:in `call'
  rack (1.4.1) lib/rack/lock.rb:15:in `call'
  actionpack (3.2.9) lib/action_dispatch/middleware/static.rb:62:in `call'
  railties (3.2.9) lib/rails/engine.rb:479:in `call'
  railties (3.2.9) lib/rails/application.rb:223:in `call'
  rack (1.4.1) lib/rack/content_length.rb:14:in `call'
  railties (3.2.9) lib/rails/rack/log_tailer.rb:17:in `call'
  rack (1.4.1) lib/rack/handler/webrick.rb:59:in `service'
  /home/roman/.rvm/rubies/ruby-1.9.3-p327/lib/ruby/1.9.1/webrick/httpserver.rb:138:in `service'
  /home/roman/.rvm/rubies/ruby-1.9.3-p327/lib/ruby/1.9.1/webrick/httpserver.rb:94:in `run'
  /home/roman/.rvm/rubies/ruby-1.9.3-p327/lib/ruby/1.9.1/webrick/server.rb:191:in `block in start_thread'


  Rendered /home/roman/.rvm/gems/ruby-1.9.3-p327/gems/actionpack-3.2.9/lib/action_dispatch/middleware/templates/rescues/routing_error.erb within rescues/layout (2.6ms)


Started GET "/" for 127.0.0.1 at 2012-12-03 11:26:56 +0100
Connecting to database specified by database.yml

AbstractController::ActionNotFound (The action 'main' could not be found for HomeController):
  actionpack (3.2.9) lib/abstract_controller/base.rb:116:in `process'
  actionpack (3.2.9) lib/abstract_controller/rendering.rb:45:in `process'
  actionpack (3.2.9) lib/action_controller/metal.rb:203:in `dispatch'
  actionpack (3.2.9) lib/action_controller/metal/rack_delegation.rb:14:in `dispatch'
  actionpack (3.2.9) lib/action_controller/metal.rb:246:in `block in action'
  actionpack (3.2.9) lib/action_dispatch/routing/route_set.rb:73:in `call'
  actionpack (3.2.9) lib/action_dispatch/routing/route_set.rb:73:in `dispatch'
  actionpack (3.2.9) lib/action_dispatch/routing/route_set.rb:36:in `call'
  journey (1.0.4) lib/journey/router.rb:68:in `block in call'
  journey (1.0.4) lib/journey/router.rb:56:in `each'
  journey (1.0.4) lib/journey/router.rb:56:in `call'
  actionpack (3.2.9) lib/action_dispatch/routing/route_set.rb:601:in `call'
  actionpack (3.2.9) lib/action_dispatch/middleware/best_standards_support.rb:17:in `call'
  rack (1.4.1) lib/rack/etag.rb:23:in `call'
  rack (1.4.1) lib/rack/conditionalget.rb:25:in `call'
  actionpack (3.2.9) lib/action_dispatch/middleware/head.rb:14:in `call'
  actionpack (3.2.9) lib/action_dispatch/middleware/params_parser.rb:21:in `call'
  actionpack (3.2.9) lib/action_dispatch/middleware/flash.rb:242:in `call'
  rack (1.4.1) lib/rack/session/abstract/id.rb:205:in `context'
  rack (1.4.1) lib/rack/session/abstract/id.rb:200:in `call'
  actionpack (3.2.9) lib/action_dispatch/middleware/cookies.rb:341:in `call'
  activerecord (3.2.9) lib/active_record/query_cache.rb:64:in `call'
  activerecord (3.2.9) lib/active_record/connection_adapters/abstract/connection_pool.rb:479:in `call'
  actionpack (3.2.9) lib/action_dispatch/middleware/callbacks.rb:28:in `block in call'
  activesupport (3.2.9) lib/active_support/callbacks.rb:405:in `_run__52112759__call__442288871__callbacks'
  activesupport (3.2.9) lib/active_support/callbacks.rb:405:in `__run_callback'
  activesupport (3.2.9) lib/active_support/callbacks.rb:385:in `_run_call_callbacks'
  activesupport (3.2.9) lib/active_support/callbacks.rb:81:in `run_callbacks'
  actionpack (3.2.9) lib/action_dispatch/middleware/callbacks.rb:27:in `call'
  actionpack (3.2.9) lib/action_dispatch/middleware/reloader.rb:65:in `call'
  actionpack (3.2.9) lib/action_dispatch/middleware/remote_ip.rb:31:in `call'
  actionpack (3.2.9) lib/action_dispatch/middleware/debug_exceptions.rb:16:in `call'
  actionpack (3.2.9) lib/action_dispatch/middleware/show_exceptions.rb:56:in `call'
  railties (3.2.9) lib/rails/rack/logger.rb:32:in `call_app'
  railties (3.2.9) lib/rails/rack/logger.rb:16:in `block in call'
  activesupport (3.2.9) lib/active_support/tagged_logging.rb:22:in `tagged'
  railties (3.2.9) lib/rails/rack/logger.rb:16:in `call'
  actionpack (3.2.9) lib/action_dispatch/middleware/request_id.rb:22:in `call'
  rack (1.4.1) lib/rack/methodoverride.rb:21:in `call'
  rack (1.4.1) lib/rack/runtime.rb:17:in `call'
  activesupport (3.2.9) lib/active_support/cache/strategy/local_cache.rb:72:in `call'
  rack (1.4.1) lib/rack/lock.rb:15:in `call'
  actionpack (3.2.9) lib/action_dispatch/middleware/static.rb:62:in `call'
  railties (3.2.9) lib/rails/engine.rb:479:in `call'
  railties (3.2.9) lib/rails/application.rb:223:in `call'
  rack (1.4.1) lib/rack/content_length.rb:14:in `call'
  railties (3.2.9) lib/rails/rack/log_tailer.rb:17:in `call'
  rack (1.4.1) lib/rack/handler/webrick.rb:59:in `service'
  /home/roman/.rvm/rubies/ruby-1.9.3-p327/lib/ruby/1.9.1/webrick/httpserver.rb:138:in `service'
  /home/roman/.rvm/rubies/ruby-1.9.3-p327/lib/ruby/1.9.1/webrick/httpserver.rb:94:in `run'
  /home/roman/.rvm/rubies/ruby-1.9.3-p327/lib/ruby/1.9.1/webrick/server.rb:191:in `block in start_thread'


  Rendered /home/roman/.rvm/gems/ruby-1.9.3-p327/gems/actionpack-3.2.9/lib/action_dispatch/middleware/templates/rescues/unknown_action.erb within rescues/layout (2.8ms)


Started GET "/" for 127.0.0.1 at 2012-12-03 11:28:20 +0100
Connecting to database specified by database.yml
Processing by HomeController#index as HTML
Completed 500 Internal Server Error in 54ms

ActionView::MissingTemplate (Missing template home/index, application/index with {:locale=>[:en], :formats=>[:html], :handlers=>[:erb, :builder, :coffee]}. Searched in:
  * "/home/roman/git/Jumphost/app/views"
):
  actionpack (3.2.9) lib/action_view/path_set.rb:58:in `find'
  actionpack (3.2.9) lib/action_view/lookup_context.rb:109:in `find'
  actionpack (3.2.9) lib/action_view/renderer/abstract_renderer.rb:3:in `find_template'
  actionpack (3.2.9) lib/action_view/renderer/template_renderer.rb:34:in `determine_template'
  actionpack (3.2.9) lib/action_view/renderer/template_renderer.rb:10:in `render'
  actionpack (3.2.9) lib/action_view/renderer/renderer.rb:36:in `render_template'
  actionpack (3.2.9) lib/action_view/renderer/renderer.rb:17:in `render'
  actionpack (3.2.9) lib/abstract_controller/rendering.rb:110:in `_render_template'
  actionpack (3.2.9) lib/action_controller/metal/streaming.rb:225:in `_render_template'
  actionpack (3.2.9) lib/abstract_controller/rendering.rb:103:in `render_to_body'
  actionpack (3.2.9) lib/action_controller/metal/renderers.rb:28:in `render_to_body'
  actionpack (3.2.9) lib/action_controller/metal/compatibility.rb:50:in `render_to_body'
  actionpack (3.2.9) lib/abstract_controller/rendering.rb:88:in `render'
  actionpack (3.2.9) lib/action_controller/metal/rendering.rb:16:in `render'
  actionpack (3.2.9) lib/action_controller/metal/instrumentation.rb:40:in `block (2 levels) in render'
  activesupport (3.2.9) lib/active_support/core_ext/benchmark.rb:5:in `block in ms'
  /home/roman/.rvm/rubies/ruby-1.9.3-p327/lib/ruby/1.9.1/benchmark.rb:295:in `realtime'
  activesupport (3.2.9) lib/active_support/core_ext/benchmark.rb:5:in `ms'
  actionpack (3.2.9) lib/action_controller/metal/instrumentation.rb:40:in `block in render'
  actionpack (3.2.9) lib/action_controller/metal/instrumentation.rb:83:in `cleanup_view_runtime'
  activerecord (3.2.9) lib/active_record/railties/controller_runtime.rb:24:in `cleanup_view_runtime'
  actionpack (3.2.9) lib/action_controller/metal/instrumentation.rb:39:in `render'
  actionpack (3.2.9) lib/action_controller/metal/implicit_render.rb:10:in `default_render'
  actionpack (3.2.9) lib/action_controller/metal/implicit_render.rb:5:in `send_action'
  actionpack (3.2.9) lib/abstract_controller/base.rb:167:in `process_action'
  actionpack (3.2.9) lib/action_controller/metal/rendering.rb:10:in `process_action'
  actionpack (3.2.9) lib/abstract_controller/callbacks.rb:18:in `block in process_action'
  activesupport (3.2.9) lib/active_support/callbacks.rb:414:in `_run__257269794__process_action__788470373__callbacks'
  activesupport (3.2.9) lib/active_support/callbacks.rb:405:in `__run_callback'
  activesupport (3.2.9) lib/active_support/callbacks.rb:385:in `_run_process_action_callbacks'
  activesupport (3.2.9) lib/active_support/callbacks.rb:81:in `run_callbacks'
  actionpack (3.2.9) lib/abstract_controller/callbacks.rb:17:in `process_action'
  actionpack (3.2.9) lib/action_controller/metal/rescue.rb:29:in `process_action'
  actionpack (3.2.9) lib/action_controller/metal/instrumentation.rb:30:in `block in process_action'
  activesupport (3.2.9) lib/active_support/notifications.rb:123:in `block in instrument'
  activesupport (3.2.9) lib/active_support/notifications/instrumenter.rb:20:in `instrument'
  activesupport (3.2.9) lib/active_support/notifications.rb:123:in `instrument'
  actionpack (3.2.9) lib/action_controller/metal/instrumentation.rb:29:in `process_action'
  actionpack (3.2.9) lib/action_controller/metal/params_wrapper.rb:207:in `process_action'
  activerecord (3.2.9) lib/active_record/railties/controller_runtime.rb:18:in `process_action'
  actionpack (3.2.9) lib/abstract_controller/base.rb:121:in `process'
  actionpack (3.2.9) lib/abstract_controller/rendering.rb:45:in `process'
  actionpack (3.2.9) lib/action_controller/metal.rb:203:in `dispatch'
  actionpack (3.2.9) lib/action_controller/metal/rack_delegation.rb:14:in `dispatch'
  actionpack (3.2.9) lib/action_controller/metal.rb:246:in `block in action'
  actionpack (3.2.9) lib/action_dispatch/routing/route_set.rb:73:in `call'
  actionpack (3.2.9) lib/action_dispatch/routing/route_set.rb:73:in `dispatch'
  actionpack (3.2.9) lib/action_dispatch/routing/route_set.rb:36:in `call'
  journey (1.0.4) lib/journey/router.rb:68:in `block in call'
  journey (1.0.4) lib/journey/router.rb:56:in `each'
  journey (1.0.4) lib/journey/router.rb:56:in `call'
  actionpack (3.2.9) lib/action_dispatch/routing/route_set.rb:601:in `call'
  actionpack (3.2.9) lib/action_dispatch/middleware/best_standards_support.rb:17:in `call'
  rack (1.4.1) lib/rack/etag.rb:23:in `call'
  rack (1.4.1) lib/rack/conditionalget.rb:25:in `call'
  actionpack (3.2.9) lib/action_dispatch/middleware/head.rb:14:in `call'
  actionpack (3.2.9) lib/action_dispatch/middleware/params_parser.rb:21:in `call'
  actionpack (3.2.9) lib/action_dispatch/middleware/flash.rb:242:in `call'
  rack (1.4.1) lib/rack/session/abstract/id.rb:205:in `context'
  rack (1.4.1) lib/rack/session/abstract/id.rb:200:in `call'
  actionpack (3.2.9) lib/action_dispatch/middleware/cookies.rb:341:in `call'
  activerecord (3.2.9) lib/active_record/query_cache.rb:64:in `call'
  activerecord (3.2.9) lib/active_record/connection_adapters/abstract/connection_pool.rb:479:in `call'
  actionpack (3.2.9) lib/action_dispatch/middleware/callbacks.rb:28:in `block in call'
  activesupport (3.2.9) lib/active_support/callbacks.rb:405:in `_run__965169836__call__26652017__callbacks'
  activesupport (3.2.9) lib/active_support/callbacks.rb:405:in `__run_callback'
  activesupport (3.2.9) lib/active_support/callbacks.rb:385:in `_run_call_callbacks'
  activesupport (3.2.9) lib/active_support/callbacks.rb:81:in `run_callbacks'
  actionpack (3.2.9) lib/action_dispatch/middleware/callbacks.rb:27:in `call'
  actionpack (3.2.9) lib/action_dispatch/middleware/reloader.rb:65:in `call'
  actionpack (3.2.9) lib/action_dispatch/middleware/remote_ip.rb:31:in `call'
  actionpack (3.2.9) lib/action_dispatch/middleware/debug_exceptions.rb:16:in `call'
  actionpack (3.2.9) lib/action_dispatch/middleware/show_exceptions.rb:56:in `call'
  railties (3.2.9) lib/rails/rack/logger.rb:32:in `call_app'
  railties (3.2.9) lib/rails/rack/logger.rb:16:in `block in call'
  activesupport (3.2.9) lib/active_support/tagged_logging.rb:22:in `tagged'
  railties (3.2.9) lib/rails/rack/logger.rb:16:in `call'
  actionpack (3.2.9) lib/action_dispatch/middleware/request_id.rb:22:in `call'
  rack (1.4.1) lib/rack/methodoverride.rb:21:in `call'
  rack (1.4.1) lib/rack/runtime.rb:17:in `call'
  activesupport (3.2.9) lib/active_support/cache/strategy/local_cache.rb:72:in `call'
  rack (1.4.1) lib/rack/lock.rb:15:in `call'
  actionpack (3.2.9) lib/action_dispatch/middleware/static.rb:62:in `call'
  railties (3.2.9) lib/rails/engine.rb:479:in `call'
  railties (3.2.9) lib/rails/application.rb:223:in `call'
  rack (1.4.1) lib/rack/content_length.rb:14:in `call'
  railties (3.2.9) lib/rails/rack/log_tailer.rb:17:in `call'
  rack (1.4.1) lib/rack/handler/webrick.rb:59:in `service'
  /home/roman/.rvm/rubies/ruby-1.9.3-p327/lib/ruby/1.9.1/webrick/httpserver.rb:138:in `service'
  /home/roman/.rvm/rubies/ruby-1.9.3-p327/lib/ruby/1.9.1/webrick/httpserver.rb:94:in `run'
  /home/roman/.rvm/rubies/ruby-1.9.3-p327/lib/ruby/1.9.1/webrick/server.rb:191:in `block in start_thread'


  Rendered /home/roman/.rvm/gems/ruby-1.9.3-p327/gems/actionpack-3.2.9/lib/action_dispatch/middleware/templates/rescues/missing_template.erb within rescues/layout (2.9ms)


Started GET "/" for 127.0.0.1 at 2012-12-03 11:28:20 +0100
Processing by HomeController#index as HTML
Completed 500 Internal Server Error in 2ms

ActionView::MissingTemplate (Missing template home/index, application/index with {:locale=>[:en], :formats=>[:html], :handlers=>[:erb, :builder, :coffee]}. Searched in:
  * "/home/roman/git/Jumphost/app/views"
):
  actionpack (3.2.9) lib/action_view/path_set.rb:58:in `find'
  actionpack (3.2.9) lib/action_view/lookup_context.rb:109:in `find'
  actionpack (3.2.9) lib/action_view/renderer/abstract_renderer.rb:3:in `find_template'
  actionpack (3.2.9) lib/action_view/renderer/template_renderer.rb:34:in `determine_template'
  actionpack (3.2.9) lib/action_view/renderer/template_renderer.rb:10:in `render'
  actionpack (3.2.9) lib/action_view/renderer/renderer.rb:36:in `render_template'
  actionpack (3.2.9) lib/action_view/renderer/renderer.rb:17:in `render'
  actionpack (3.2.9) lib/abstract_controller/rendering.rb:110:in `_render_template'
  actionpack (3.2.9) lib/action_controller/metal/streaming.rb:225:in `_render_template'
  actionpack (3.2.9) lib/abstract_controller/rendering.rb:103:in `render_to_body'
  actionpack (3.2.9) lib/action_controller/metal/renderers.rb:28:in `render_to_body'
  actionpack (3.2.9) lib/action_controller/metal/compatibility.rb:50:in `render_to_body'
  actionpack (3.2.9) lib/abstract_controller/rendering.rb:88:in `render'
  actionpack (3.2.9) lib/action_controller/metal/rendering.rb:16:in `render'
  actionpack (3.2.9) lib/action_controller/metal/instrumentation.rb:40:in `block (2 levels) in render'
  activesupport (3.2.9) lib/active_support/core_ext/benchmark.rb:5:in `block in ms'
  /home/roman/.rvm/rubies/ruby-1.9.3-p327/lib/ruby/1.9.1/benchmark.rb:295:in `realtime'
  activesupport (3.2.9) lib/active_support/core_ext/benchmark.rb:5:in `ms'
  actionpack (3.2.9) lib/action_controller/metal/instrumentation.rb:40:in `block in render'
  actionpack (3.2.9) lib/action_controller/metal/instrumentation.rb:83:in `cleanup_view_runtime'
  activerecord (3.2.9) lib/active_record/railties/controller_runtime.rb:24:in `cleanup_view_runtime'
  actionpack (3.2.9) lib/action_controller/metal/instrumentation.rb:39:in `render'
  actionpack (3.2.9) lib/action_controller/metal/implicit_render.rb:10:in `default_render'
  actionpack (3.2.9) lib/action_controller/metal/implicit_render.rb:5:in `send_action'
  actionpack (3.2.9) lib/abstract_controller/base.rb:167:in `process_action'
  actionpack (3.2.9) lib/action_controller/metal/rendering.rb:10:in `process_action'
  actionpack (3.2.9) lib/abstract_controller/callbacks.rb:18:in `block in process_action'
  activesupport (3.2.9) lib/active_support/callbacks.rb:414:in `_run__257269794__process_action__788470373__callbacks'
  activesupport (3.2.9) lib/active_support/callbacks.rb:405:in `__run_callback'
  activesupport (3.2.9) lib/active_support/callbacks.rb:385:in `_run_process_action_callbacks'
  activesupport (3.2.9) lib/active_support/callbacks.rb:81:in `run_callbacks'
  actionpack (3.2.9) lib/abstract_controller/callbacks.rb:17:in `process_action'
  actionpack (3.2.9) lib/action_controller/metal/rescue.rb:29:in `process_action'
  actionpack (3.2.9) lib/action_controller/metal/instrumentation.rb:30:in `block in process_action'
  activesupport (3.2.9) lib/active_support/notifications.rb:123:in `block in instrument'
  activesupport (3.2.9) lib/active_support/notifications/instrumenter.rb:20:in `instrument'
  activesupport (3.2.9) lib/active_support/notifications.rb:123:in `instrument'
  actionpack (3.2.9) lib/action_controller/metal/instrumentation.rb:29:in `process_action'
  actionpack (3.2.9) lib/action_controller/metal/params_wrapper.rb:207:in `process_action'
  activerecord (3.2.9) lib/active_record/railties/controller_runtime.rb:18:in `process_action'
  actionpack (3.2.9) lib/abstract_controller/base.rb:121:in `process'
  actionpack (3.2.9) lib/abstract_controller/rendering.rb:45:in `process'
  actionpack (3.2.9) lib/action_controller/metal.rb:203:in `dispatch'
  actionpack (3.2.9) lib/action_controller/metal/rack_delegation.rb:14:in `dispatch'
  actionpack (3.2.9) lib/action_controller/metal.rb:246:in `block in action'
  actionpack (3.2.9) lib/action_dispatch/routing/route_set.rb:73:in `call'
  actionpack (3.2.9) lib/action_dispatch/routing/route_set.rb:73:in `dispatch'
  actionpack (3.2.9) lib/action_dispatch/routing/route_set.rb:36:in `call'
  journey (1.0.4) lib/journey/router.rb:68:in `block in call'
  journey (1.0.4) lib/journey/router.rb:56:in `each'
  journey (1.0.4) lib/journey/router.rb:56:in `call'
  actionpack (3.2.9) lib/action_dispatch/routing/route_set.rb:601:in `call'
  actionpack (3.2.9) lib/action_dispatch/middleware/best_standards_support.rb:17:in `call'
  rack (1.4.1) lib/rack/etag.rb:23:in `call'
  rack (1.4.1) lib/rack/conditionalget.rb:25:in `call'
  actionpack (3.2.9) lib/action_dispatch/middleware/head.rb:14:in `call'
  actionpack (3.2.9) lib/action_dispatch/middleware/params_parser.rb:21:in `call'
  actionpack (3.2.9) lib/action_dispatch/middleware/flash.rb:242:in `call'
  rack (1.4.1) lib/rack/session/abstract/id.rb:205:in `context'
  rack (1.4.1) lib/rack/session/abstract/id.rb:200:in `call'
  actionpack (3.2.9) lib/action_dispatch/middleware/cookies.rb:341:in `call'
  activerecord (3.2.9) lib/active_record/query_cache.rb:64:in `call'
  activerecord (3.2.9) lib/active_record/connection_adapters/abstract/connection_pool.rb:479:in `call'
  actionpack (3.2.9) lib/action_dispatch/middleware/callbacks.rb:28:in `block in call'
  activesupport (3.2.9) lib/active_support/callbacks.rb:405:in `_run__965169836__call__26652017__callbacks'
  activesupport (3.2.9) lib/active_support/callbacks.rb:405:in `__run_callback'
  activesupport (3.2.9) lib/active_support/callbacks.rb:385:in `_run_call_callbacks'
  activesupport (3.2.9) lib/active_support/callbacks.rb:81:in `run_callbacks'
  actionpack (3.2.9) lib/action_dispatch/middleware/callbacks.rb:27:in `call'
  actionpack (3.2.9) lib/action_dispatch/middleware/reloader.rb:65:in `call'
  actionpack (3.2.9) lib/action_dispatch/middleware/remote_ip.rb:31:in `call'
  actionpack (3.2.9) lib/action_dispatch/middleware/debug_exceptions.rb:16:in `call'
  actionpack (3.2.9) lib/action_dispatch/middleware/show_exceptions.rb:56:in `call'
  railties (3.2.9) lib/rails/rack/logger.rb:32:in `call_app'
  railties (3.2.9) lib/rails/rack/logger.rb:16:in `block in call'
  activesupport (3.2.9) lib/active_support/tagged_logging.rb:22:in `tagged'
  railties (3.2.9) lib/rails/rack/logger.rb:16:in `call'
  actionpack (3.2.9) lib/action_dispatch/middleware/request_id.rb:22:in `call'
  rack (1.4.1) lib/rack/methodoverride.rb:21:in `call'
  rack (1.4.1) lib/rack/runtime.rb:17:in `call'
  activesupport (3.2.9) lib/active_support/cache/strategy/local_cache.rb:72:in `call'
  rack (1.4.1) lib/rack/lock.rb:15:in `call'
  actionpack (3.2.9) lib/action_dispatch/middleware/static.rb:62:in `call'
  railties (3.2.9) lib/rails/engine.rb:479:in `call'
  railties (3.2.9) lib/rails/application.rb:223:in `call'
  rack (1.4.1) lib/rack/content_length.rb:14:in `call'
  railties (3.2.9) lib/rails/rack/log_tailer.rb:17:in `call'
  rack (1.4.1) lib/rack/handler/webrick.rb:59:in `service'
  /home/roman/.rvm/rubies/ruby-1.9.3-p327/lib/ruby/1.9.1/webrick/httpserver.rb:138:in `service'
  /home/roman/.rvm/rubies/ruby-1.9.3-p327/lib/ruby/1.9.1/webrick/httpserver.rb:94:in `run'
  /home/roman/.rvm/rubies/ruby-1.9.3-p327/lib/ruby/1.9.1/webrick/server.rb:191:in `block in start_thread'


  Rendered /home/roman/.rvm/gems/ruby-1.9.3-p327/gems/actionpack-3.2.9/lib/action_dispatch/middleware/templates/rescues/missing_template.erb within rescues/layout (0.5ms)


Started GET "/" for 127.0.0.1 at 2012-12-03 11:29:08 +0100
Connecting to database specified by database.yml
Processing by HomeController#index as HTML
  Rendered home/index.html within layouts/application (2.5ms)
Compiled home.css  (27ms)  (pid 2841)
Compiled application.css  (34ms)  (pid 2841)
Compiled jquery.js  (2ms)  (pid 2841)
Compiled jquery_ujs.js  (0ms)  (pid 2841)
Compiled home.js  (136ms)  (pid 2841)
Compiled application.js  (182ms)  (pid 2841)
Completed 200 OK in 305ms (Views: 305.0ms | ActiveRecord: 0.0ms)


Started GET "/assets/application.css?body=1" for 127.0.0.1 at 2012-12-03 11:29:09 +0100
Served asset /application.css - 200 OK (7ms)


Started GET "/assets/home.css?body=1" for 127.0.0.1 at 2012-12-03 11:29:09 +0100
Served asset /home.css - 200 OK (5ms)


Started GET "/assets/jquery.js?body=1" for 127.0.0.1 at 2012-12-03 11:29:09 +0100
Served asset /jquery.js - 200 OK (4ms)


Started GET "/assets/jquery_ujs.js?body=1" for 127.0.0.1 at 2012-12-03 11:29:09 +0100
Served asset /jquery_ujs.js - 200 OK (6ms)


Started GET "/assets/home.js?body=1" for 127.0.0.1 at 2012-12-03 11:29:09 +0100
Served asset /home.js - 200 OK (3ms)


Started GET "/assets/application.js?body=1" for 127.0.0.1 at 2012-12-03 11:29:09 +0100
Served asset /application.js - 200 OK (7ms)


Started GET "/" for 127.0.0.1 at 2012-12-03 11:32:42 +0100
Connecting to database specified by database.yml
Processing by HomeController#index as HTML
  Rendered home/index.html within layouts/application (22.0ms)
Completed 200 OK in 48ms (Views: 48.1ms | ActiveRecord: 0.0ms)


Started GET "/assets/application.css?body=1" for 127.0.0.1 at 2012-12-03 11:32:42 +0100
Served asset /application.css - 304 Not Modified (11ms)


Started GET "/assets/home.css?body=1" for 127.0.0.1 at 2012-12-03 11:32:42 +0100
Served asset /home.css - 304 Not Modified (1ms)


Started GET "/assets/jquery.js?body=1" for 127.0.0.1 at 2012-12-03 11:32:42 +0100
Served asset /jquery.js - 304 Not Modified (6ms)


Started GET "/assets/home.js?body=1" for 127.0.0.1 at 2012-12-03 11:32:42 +0100
Served asset /home.js - 304 Not Modified (1ms)


Started GET "/assets/jquery_ujs.js?body=1" for 127.0.0.1 at 2012-12-03 11:32:42 +0100
Served asset /jquery_ujs.js - 304 Not Modified (2ms)


Started GET "/assets/application.js?body=1" for 127.0.0.1 at 2012-12-03 11:32:42 +0100
Served asset /application.js - 304 Not Modified (8ms)


Started GET "/" for 127.0.0.1 at 2012-12-03 11:32:43 +0100
Processing by HomeController#index as HTML
  Rendered home/index.html within layouts/application (0.1ms)
Completed 200 OK in 9ms (Views: 8.5ms | ActiveRecord: 0.0ms)


Started GET "/assets/jquery.js?body=1" for 127.0.0.1 at 2012-12-03 11:32:43 +0100
Served asset /jquery.js - 304 Not Modified (4ms)


Started GET "/assets/home.css?body=1" for 127.0.0.1 at 2012-12-03 11:32:43 +0100
Served asset /home.css - 304 Not Modified (0ms)


Started GET "/assets/application.css?body=1" for 127.0.0.1 at 2012-12-03 11:32:43 +0100
Served asset /application.css - 304 Not Modified (0ms)


Started GET "/assets/jquery_ujs.js?body=1" for 127.0.0.1 at 2012-12-03 11:32:43 +0100
Served asset /jquery_ujs.js - 304 Not Modified (0ms)


Started GET "/assets/home.js?body=1" for 127.0.0.1 at 2012-12-03 11:32:43 +0100
Served asset /home.js - 304 Not Modified (0ms)


Started GET "/assets/application.js?body=1" for 127.0.0.1 at 2012-12-03 11:32:43 +0100
Served asset /application.js - 304 Not Modified (1ms)


Started GET "/" for 127.0.0.1 at 2012-12-03 11:34:14 +0100
Connecting to database specified by database.yml
Processing by HomeController#index as HTML
  Rendered home/index.html within layouts/application (22.2ms)
Compiled application.css  (0ms)  (pid 3351)
Completed 200 OK in 70ms (Views: 70.0ms | ActiveRecord: 0.0ms)


Started GET "/assets/application.css?body=1" for 127.0.0.1 at 2012-12-03 11:34:15 +0100
Served asset /application.css - 200 OK (2ms)


Started GET "/assets/jquery.js?body=1" for 127.0.0.1 at 2012-12-03 11:34:15 +0100
Served asset /jquery.js - 304 Not Modified (3ms)


Started GET "/assets/home.js?body=1" for 127.0.0.1 at 2012-12-03 11:34:15 +0100
Served asset /home.js - 304 Not Modified (2ms)


Started GET "/assets/application.js?body=1" for 127.0.0.1 at 2012-12-03 11:34:15 +0100
Served asset /application.js - 304 Not Modified (10ms)


Started GET "/assets/jquery_ujs.js?body=1" for 127.0.0.1 at 2012-12-03 11:34:15 +0100
Served asset /jquery_ujs.js - 304 Not Modified (4ms)


Started GET "/" for 127.0.0.1 at 2012-12-03 11:34:15 +0100
Processing by HomeController#index as HTML
  Rendered home/index.html within layouts/application (0.1ms)
Completed 200 OK in 18ms (Views: 17.2ms | ActiveRecord: 0.0ms)


Started GET "/assets/application.css?body=1" for 127.0.0.1 at 2012-12-03 11:34:15 +0100
Served asset /application.css - 304 Not Modified (0ms)


Started GET "/assets/jquery.js?body=1" for 127.0.0.1 at 2012-12-03 11:34:15 +0100
Served asset /jquery.js - 304 Not Modified (2ms)


Started GET "/assets/jquery_ujs.js?body=1" for 127.0.0.1 at 2012-12-03 11:34:15 +0100
Served asset /jquery_ujs.js - 304 Not Modified (0ms)


Started GET "/assets/home.js?body=1" for 127.0.0.1 at 2012-12-03 11:34:15 +0100
Served asset /home.js - 304 Not Modified (1ms)


Started GET "/assets/application.js?body=1" for 127.0.0.1 at 2012-12-03 11:34:15 +0100
Served asset /application.js - 304 Not Modified (1ms)


Started GET "/" for 127.0.0.1 at 2012-12-03 11:34:16 +0100
Processing by HomeController#index as HTML
  Rendered home/index.html within layouts/application (0.1ms)
Completed 200 OK in 8ms (Views: 7.3ms | ActiveRecord: 0.0ms)


Started GET "/assets/application.css?body=1" for 127.0.0.1 at 2012-12-03 11:34:16 +0100
Served asset /application.css - 304 Not Modified (1ms)


Started GET "/assets/jquery_ujs.js?body=1" for 127.0.0.1 at 2012-12-03 11:34:16 +0100
Served asset /jquery_ujs.js - 304 Not Modified (0ms)


Started GET "/assets/application.js?body=1" for 127.0.0.1 at 2012-12-03 11:34:16 +0100
Served asset /application.js - 304 Not Modified (1ms)


Started GET "/assets/home.js?body=1" for 127.0.0.1 at 2012-12-03 11:34:16 +0100
Served asset /home.js - 304 Not Modified (0ms)


Started GET "/assets/jquery.js?body=1" for 127.0.0.1 at 2012-12-03 11:34:16 +0100
Served asset /jquery.js - 304 Not Modified (2ms)


Started GET "/" for 127.0.0.1 at 2012-12-03 11:34:17 +0100
Processing by HomeController#index as HTML
  Rendered home/index.html within layouts/application (0.0ms)
Completed 200 OK in 5ms (Views: 4.5ms | ActiveRecord: 0.0ms)


Started GET "/assets/application.css?body=1" for 127.0.0.1 at 2012-12-03 11:34:17 +0100
Served asset /application.css - 304 Not Modified (0ms)


Started GET "/assets/jquery_ujs.js?body=1" for 127.0.0.1 at 2012-12-03 11:34:17 +0100
Served asset /jquery_ujs.js - 304 Not Modified (2ms)


Started GET "/assets/home.js?body=1" for 127.0.0.1 at 2012-12-03 11:34:17 +0100
Served asset /home.js - 304 Not Modified (0ms)


Started GET "/assets/jquery.js?body=1" for 127.0.0.1 at 2012-12-03 11:34:17 +0100
Served asset /jquery.js - 304 Not Modified (1ms)


Started GET "/assets/application.js?body=1" for 127.0.0.1 at 2012-12-03 11:34:17 +0100
Served asset /application.js - 304 Not Modified (4ms)


Started GET "/" for 127.0.0.1 at 2012-12-03 11:34:18 +0100
Processing by HomeController#index as HTML
  Rendered home/index.html within layouts/application (0.0ms)
Completed 200 OK in 5ms (Views: 4.7ms | ActiveRecord: 0.0ms)


Started GET "/assets/application.css?body=1" for 127.0.0.1 at 2012-12-03 11:34:18 +0100
Served asset /application.css - 304 Not Modified (0ms)


Started GET "/assets/jquery.js?body=1" for 127.0.0.1 at 2012-12-03 11:34:18 +0100
Served asset /jquery.js - 304 Not Modified (2ms)


Started GET "/assets/jquery_ujs.js?body=1" for 127.0.0.1 at 2012-12-03 11:34:18 +0100
Served asset /jquery_ujs.js - 304 Not Modified (0ms)


Started GET "/assets/application.js?body=1" for 127.0.0.1 at 2012-12-03 11:34:18 +0100
Served asset /application.js - 304 Not Modified (3ms)


Started GET "/assets/home.js?body=1" for 127.0.0.1 at 2012-12-03 11:34:18 +0100
Served asset /home.js - 304 Not Modified (0ms)


Started GET "/" for 127.0.0.1 at 2012-12-03 11:34:19 +0100
Processing by HomeController#index as HTML
  Rendered home/index.html within layouts/application (0.1ms)
Completed 200 OK in 10ms (Views: 9.6ms | ActiveRecord: 0.0ms)


Started GET "/assets/application.css?body=1" for 127.0.0.1 at 2012-12-03 11:34:19 +0100
Served asset /application.css - 304 Not Modified (0ms)


Started GET "/assets/jquery.js?body=1" for 127.0.0.1 at 2012-12-03 11:34:19 +0100
Served asset /jquery.js - 304 Not Modified (4ms)


Started GET "/assets/jquery_ujs.js?body=1" for 127.0.0.1 at 2012-12-03 11:34:19 +0100
Served asset /jquery_ujs.js - 304 Not Modified (0ms)


Started GET "/assets/application.js?body=1" for 127.0.0.1 at 2012-12-03 11:34:19 +0100
Served asset /application.js - 304 Not Modified (1ms)


Started GET "/assets/home.js?body=1" for 127.0.0.1 at 2012-12-03 11:34:19 +0100
Served asset /home.js - 304 Not Modified (0ms)


Started GET "/" for 127.0.0.1 at 2012-12-03 11:34:20 +0100
Processing by HomeController#index as HTML
  Rendered home/index.html within layouts/application (0.0ms)
Completed 200 OK in 9ms (Views: 8.9ms | ActiveRecord: 0.0ms)


Started GET "/assets/application.css?body=1" for 127.0.0.1 at 2012-12-03 11:34:20 +0100
Served asset /application.css - 304 Not Modified (0ms)


Started GET "/assets/jquery.js?body=1" for 127.0.0.1 at 2012-12-03 11:34:20 +0100
Served asset /jquery.js - 304 Not Modified (2ms)


Started GET "/assets/jquery_ujs.js?body=1" for 127.0.0.1 at 2012-12-03 11:34:20 +0100
Served asset /jquery_ujs.js - 304 Not Modified (0ms)


Started GET "/assets/home.js?body=1" for 127.0.0.1 at 2012-12-03 11:34:20 +0100
Served asset /home.js - 304 Not Modified (0ms)


Started GET "/assets/application.js?body=1" for 127.0.0.1 at 2012-12-03 11:34:20 +0100
Served asset /application.js - 304 Not Modified (4ms)


Started GET "/" for 127.0.0.1 at 2012-12-03 11:35:35 +0100
Connecting to database specified by database.yml
Processing by HomeController#index as HTML
  Rendered home/index.html within layouts/application (22.4ms)
Completed 200 OK in 46ms (Views: 45.2ms | ActiveRecord: 0.0ms)


Started GET "/" for 127.0.0.1 at 2012-12-03 11:35:35 +0100
Processing by HomeController#index as HTML
  Rendered home/index.html within layouts/application (0.1ms)
Completed 200 OK in 7ms (Views: 6.5ms | ActiveRecord: 0.0ms)


Started GET "/assets/application.css?body=1" for 127.0.0.1 at 2012-12-03 11:35:35 +0100
Served asset /application.css - 304 Not Modified (5ms)


Started GET "/assets/jquery_ujs.js?body=1" for 127.0.0.1 at 2012-12-03 11:35:35 +0100
Served asset /jquery_ujs.js - 304 Not Modified (2ms)


Started GET "/assets/jquery.js?body=1" for 127.0.0.1 at 2012-12-03 11:35:35 +0100
Served asset /jquery.js - 304 Not Modified (3ms)


Started GET "/assets/application.js?body=1" for 127.0.0.1 at 2012-12-03 11:35:35 +0100
Served asset /application.js - 304 Not Modified (14ms)


Started GET "/assets/home.js?body=1" for 127.0.0.1 at 2012-12-03 11:35:35 +0100
Served asset /home.js - 304 Not Modified (2ms)


Started GET "/" for 127.0.0.1 at 2012-12-03 11:35:35 +0100
Processing by HomeController#index as HTML
  Rendered home/index.html within layouts/application (0.1ms)
Completed 200 OK in 9ms (Views: 8.6ms | ActiveRecord: 0.0ms)


Started GET "/assets/application.css?body=1" for 127.0.0.1 at 2012-12-03 11:35:36 +0100
Served asset /application.css - 304 Not Modified (0ms)


Started GET "/assets/jquery.js?body=1" for 127.0.0.1 at 2012-12-03 11:35:36 +0100
Served asset /jquery.js - 304 Not Modified (4ms)


Started GET "/assets/jquery_ujs.js?body=1" for 127.0.0.1 at 2012-12-03 11:35:36 +0100
Served asset /jquery_ujs.js - 304 Not Modified (0ms)


Started GET "/assets/home.js?body=1" for 127.0.0.1 at 2012-12-03 11:35:36 +0100
Served asset /home.js - 304 Not Modified (0ms)


Started GET "/assets/application.js?body=1" for 127.0.0.1 at 2012-12-03 11:35:36 +0100
Served asset /application.js - 304 Not Modified (1ms)
